2024/10/02 09:59:35 Databse connection opened
2024/10/02 09:59:35 Got list of songs successfully
2024/10/02 09:59:35 Databade connection closed
2024/10/02 10:01:28 Databse connection opened
2024/10/02 10:01:28 Databse connection opened
2024/10/02 10:01:28 Databse connection closed
2024/10/02 10:01:28 Song 'Roads' by 'Portishead' deleted successfully
2024/10/02 10:01:28 Database connection closed
2024/10/02 10:01:36 Got song info successfully: 'Roads' by 'Portishead'
2024/10/02 10:01:36 Databse connection opened
2024/10/02 10:01:36 Databse connection opened
2024/10/02 10:01:36 Databse connection closed
2024/10/02 10:01:36 Song 'Roads' by 'Portishead' added successfully
2024/10/02 10:01:36 Database connection closed
2024/10/02 11:03:35 Databse connection opened
2024/10/02 11:03:35 Got list of songs successfully
2024/10/02 11:03:35 Databade connection closed
2024/10/03 10:10:07 Databse connection opened
2024/10/03 10:10:10 Failed to execute CREATE query  dial tcp: lookup postgres: no such host
2024/10/03 10:10:10 Databade connection closed
2024/10/03 10:10:10 Failed to create table: dial tcp: lookup postgres: no such host
2024/10/03 10:10:45 Databse connection opened
2024/10/03 10:10:47 Failed to execute CREATE query  dial tcp: lookup postgres: no such host
2024/10/03 10:10:47 Databade connection closed
2024/10/03 10:10:47 Failed to create table: dial tcp: lookup postgres: no such host
